# JRE version: OpenJDK Runtime Environment Temurin-21.0.6+7 (21.0.6+7) (build 21.0.6+7-LTS)
# Java VM: OpenJDK 64-Bit Server VM Temurin-21.0.6+7 (21.0.6+7-LTS, mixed mode, sharing, tiered, compressed oops, compressed class ptrs, parallel gc, windows-amd64)
GC Precious Log:
 CardTable entry size: 512
 CPUs: 4 total, 4 available
 Memory: 16275M
 Large Page Support: Disabled
 NUMA Support: Disabled
 Compressed Oops: Enabled (32-bit)
 Alignments: Space 512K, Generation 512K, Heap 2M
 Heap Min Capacity: 100M
 Heap Initial Capacity: 100M
 Heap Max Capacity: 1G
 Pre-touch: Disabled
 Parallel Workers: 4
Heap:
 PSYoungGen      total 6144K, used 6128K [0x00000000eab00000, 0x00000000eb300000, 0x0000000100000000)
  eden space 5120K, 100% used [0x00000000eab00000,0x00000000eb000000,0x00000000eb000000)
  from space 1024K, 98% used [0x00000000eb000000,0x00000000eb0fc298,0x00000000eb100000)
  to   space 1536K, 99% used [0x00000000eb180000,0x00000000eb2fc628,0x00000000eb300000)
 ParOldGen       total 81408K, used 81106K [0x00000000c0000000, 0x00000000c4f80000, 0x00000000eab00000)
  object space 81408K, 99% used [0x00000000c0000000,0x00000000c4f348d8,0x00000000c4f80000)
 Metaspace       used 58718K, committed 60096K, reserved 1114112K
  class space    used 6005K, committed 6592K, reserved 1048576K
GC Heap History (20 events):
Event: 100.805 GC heap after
{Heap after GC invocations=66 (full 3):
 PSYoungGen      total 6656K, used 1186K [0x00000000eab00000, 0x00000000eb300000, 0x0000000100000000)
  eden space 5120K, 0% used [0x00000000eab00000,0x00000000eab00000,0x00000000eb000000)
  from space 1536K, 77% used [0x00000000eb000000,0x00000000eb128ab0,0x00000000eb180000)
  to   space 1536K, 0% used [0x00000000eb180000,0x00000000eb180000,0x00000000eb300000)
 ParOldGen       total 78848K, used 72476K [0x00000000c0000000, 0x00000000c4d00000, 0x00000000eab00000)
  object space 78848K, 91% used [0x00000000c0000000,0x00000000c46c72d8,0x00000000c4d00000)
 Metaspace       used 58558K, committed 59904K, reserved 1114112K
  class space    used 6004K, committed 6592K, reserved 1048576K
}
Event: 100.833 GC heap before
{Heap before GC invocations=67 (full 3):
 PSYoungGen      total 6656K, used 6306K [0x00000000eab00000, 0x00000000eb300000, 0x0000000100000000)
  eden space 5120K, 100% used [0x00000000eab00000,0x00000000eb000000,0x00000000eb000000)
  from space 1536K, 77% used [0x00000000eb000000,0x00000000eb128ab0,0x00000000eb180000)
  to   space 1536K, 0% used [0x00000000eb180000,0x00000000eb180000,0x00000000eb300000)
 ParOldGen       total 78848K, used 72476K [0x00000000c0000000, 0x00000000c4d00000, 0x00000000eab00000)
  object space 78848K, 91% used [0x00000000c0000000,0x00000000c46c72d8,0x00000000c4d00000)
 Metaspace       used 58567K, committed 59904K, reserved 1114112K
  class space    used 6004K, committed 6592K, reserved 1048576K
}
Event: 100.835 GC heap after
{Heap after GC invocations=67 (full 3):
 PSYoungGen      total 6656K, used 1167K [0x00000000eab00000, 0x00000000eb300000, 0x0000000100000000)
  eden space 5120K, 0% used [0x00000000eab00000,0x00000000eab00000,0x00000000eb000000)
  from space 1536K, 76% used [0x00000000eb180000,0x00000000eb2a3dd0,0x00000000eb300000)
  to   space 1536K, 0% used [0x00000000eb000000,0x00000000eb000000,0x00000000eb180000)
 ParOldGen       total 78848K, used 73599K [0x00000000c0000000, 0x00000000c4d00000, 0x00000000eab00000)
  object space 78848K, 93% used [0x00000000c0000000,0x00000000c47dfe40,0x00000000c4d00000)
 Metaspace       used 58567K, committed 59904K, reserved 1114112K
  class space    used 6004K, committed 6592K, reserved 1048576K
}
Event: 100.861 GC heap before
{Heap before GC invocations=68 (full 3):
 PSYoungGen      total 6656K, used 6287K [0x00000000eab00000, 0x00000000eb300000, 0x0000000100000000)
  eden space 5120K, 100% used [0x00000000eab00000,0x00000000eb000000,0x00000000eb000000)
  from space 1536K, 76% used [0x00000000eb180000,0x00000000eb2a3dd0,0x00000000eb300000)
  to   space 1536K, 0% used [0x00000000eb000000,0x00000000eb000000,0x00000000eb180000)
 ParOldGen       total 78848K, used 73599K [0x00000000c0000000, 0x00000000c4d00000, 0x00000000eab00000)
  object space 78848K, 93% used [0x00000000c0000000,0x00000000c47dfe40,0x00000000c4d00000)
 Metaspace       used 58567K, committed 59904K, reserved 1114112K
  class space    used 6004K, committed 6592K, reserved 1048576K
}
Event: 100.863 GC heap after
{Heap after GC invocations=68 (full 3):
 PSYoungGen      total 6656K, used 1107K [0x00000000eab00000, 0x00000000eb300000, 0x0000000100000000)
  eden space 5120K, 0% used [0x00000000eab00000,0x00000000eab00000,0x00000000eb000000)
  from space 1536K, 72% used [0x00000000eb000000,0x00000000eb114db0,0x00000000eb180000)
  to   space 1536K, 0% used [0x00000000eb180000,0x00000000eb180000,0x00000000eb300000)
 ParOldGen       total 78848K, used 74695K [0x00000000c0000000, 0x00000000c4d00000, 0x00000000eab00000)
  object space 78848K, 94% used [0x00000000c0000000,0x00000000c48f1f30,0x00000000c4d00000)
 Metaspace       used 58567K, committed 59904K, reserved 1114112K
  class space    used 6004K, committed 6592K, reserved 1048576K
}
Event: 100.885 GC heap before
{Heap before GC invocations=69 (full 3):
 PSYoungGen      total 6656K, used 6227K [0x00000000eab00000, 0x00000000eb300000, 0x0000000100000000)
  eden space 5120K, 100% used [0x00000000eab00000,0x00000000eb000000,0x00000000eb000000)
  from space 1536K, 72% used [0x00000000eb000000,0x00000000eb114db0,0x00000000eb180000)
  to   space 1536K, 0% used [0x00000000eb180000,0x00000000eb180000,0x00000000eb300000)
 ParOldGen       total 78848K, used 74695K [0x00000000c0000000, 0x00000000c4d00000, 0x00000000eab00000)
  object space 78848K, 94% used [0x00000000c0000000,0x00000000c48f1f30,0x00000000c4d00000)
 Metaspace       used 58570K, committed 59904K, reserved 1114112K
  class space    used 6004K, committed 6592K, reserved 1048576K
}
Event: 100.886 GC heap after
{Heap after GC invocations=69 (full 3):
 PSYoungGen      total 6656K, used 1312K [0x00000000eab00000, 0x00000000eb300000, 0x0000000100000000)
  eden space 5120K, 0% used [0x00000000eab00000,0x00000000eab00000,0x00000000eb000000)
  from space 1536K, 85% used [0x00000000eb180000,0x00000000eb2c8108,0x00000000eb300000)
  to   space 1536K, 0% used [0x00000000eb000000,0x00000000eb000000,0x00000000eb180000)
 ParOldGen       total 78848K, used 75784K [0x00000000c0000000, 0x00000000c4d00000, 0x00000000eab00000)
  object space 78848K, 96% used [0x00000000c0000000,0x00000000c4a02338,0x00000000c4d00000)
 Metaspace       used 58570K, committed 59904K, reserved 1114112K
  class space    used 6004K, committed 6592K, reserved 1048576K
}
Event: 100.937 GC heap before
{Heap before GC invocations=70 (full 3):
 PSYoungGen      total 6656K, used 6432K [0x00000000eab00000, 0x00000000eb300000, 0x0000000100000000)
  eden space 5120K, 100% used [0x00000000eab00000,0x00000000eb000000,0x00000000eb000000)
  from space 1536K, 85% used [0x00000000eb180000,0x00000000eb2c8108,0x00000000eb300000)
  to   space 1536K, 0% used [0x00000000eb000000,0x00000000eb000000,0x00000000eb180000)
 ParOldGen       total 78848K, used 75784K [0x00000000c0000000, 0x00000000c4d00000, 0x00000000eab00000)
  object space 78848K, 96% used [0x00000000c0000000,0x00000000c4a02338,0x00000000c4d00000)
 Metaspace       used 58571K, committed 59904K, reserved 1114112K
  class space    used 6004K, committed 6592K, reserved 1048576K
}
Event: 100.938 GC heap after
{Heap after GC invocations=70 (full 3):
 PSYoungGen      total 6656K, used 1205K [0x00000000eab00000, 0x00000000eb300000, 0x0000000100000000)
  eden space 5120K, 0% used [0x00000000eab00000,0x00000000eab00000,0x00000000eb000000)
  from space 1536K, 78% used [0x00000000eb000000,0x00000000eb12d5a0,0x00000000eb180000)
  to   space 1536K, 0% used [0x00000000eb180000,0x00000000eb180000,0x00000000eb300000)
 ParOldGen       total 78848K, used 77038K [0x00000000c0000000, 0x00000000c4d00000, 0x00000000eab00000)
  object space 78848K, 97% used [0x00000000c0000000,0x00000000c4b3b958,0x00000000c4d00000)
 Metaspace       used 58571K, committed 59904K, reserved 1114112K
  class space    used 6004K, committed 6592K, reserved 1048576K
}
Event: 100.986 GC heap before
{Heap before GC invocations=71 (full 3):
 PSYoungGen      total 6656K, used 6324K [0x00000000eab00000, 0x00000000eb300000, 0x0000000100000000)
  eden space 5120K, 99% used [0x00000000eab00000,0x00000000eafffbe0,0x00000000eb000000)
  from space 1536K, 78% used [0x00000000eb000000,0x00000000eb12d5a0,0x00000000eb180000)
  to   space 1536K, 0% used [0x00000000eb180000,0x00000000eb180000,0x00000000eb300000)
 ParOldGen       total 78848K, used 77038K [0x00000000c0000000, 0x00000000c4d00000, 0x00000000eab00000)
  object space 78848K, 97% used [0x00000000c0000000,0x00000000c4b3b958,0x00000000c4d00000)
 Metaspace       used 58599K, committed 59968K, reserved 1114112K
  class space    used 6005K, committed 6592K, reserved 1048576K
}
Event: 100.988 GC heap after
{Heap after GC invocations=71 (full 3):
 PSYoungGen      total 6656K, used 1106K [0x00000000eab00000, 0x00000000eb300000, 0x0000000100000000)
  eden space 5120K, 0% used [0x00000000eab00000,0x00000000eab00000,0x00000000eb000000)
  from space 1536K, 72% used [0x00000000eb180000,0x00000000eb294958,0x00000000eb300000)
  to   space 1536K, 0% used [0x00000000eb000000,0x00000000eb000000,0x00000000eb180000)
 ParOldGen       total 78848K, used 78131K [0x00000000c0000000, 0x00000000c4d00000, 0x00000000eab00000)
  object space 78848K, 99% used [0x00000000c0000000,0x00000000c4c4cd00,0x00000000c4d00000)
 Metaspace       used 58599K, committed 59968K, reserved 1114112K
  class space    used 6005K, committed 6592K, reserved 1048576K
}
Event: 101.054 GC heap before
{Heap before GC invocations=72 (full 3):
 PSYoungGen      total 6656K, used 6226K [0x00000000eab00000, 0x00000000eb300000, 0x0000000100000000)
  eden space 5120K, 100% used [0x00000000eab00000,0x00000000eb000000,0x00000000eb000000)
  from space 1536K, 72% used [0x00000000eb180000,0x00000000eb294958,0x00000000eb300000)
  to   space 1536K, 0% used [0x00000000eb000000,0x00000000eb000000,0x00000000eb180000)
 ParOldGen       total 78848K, used 78131K [0x00000000c0000000, 0x00000000c4d00000, 0x00000000eab00000)
  object space 78848K, 99% used [0x00000000c0000000,0x00000000c4c4cd00,0x00000000c4d00000)
 Metaspace       used 58635K, committed 60032K, reserved 1114112K
  class space    used 6005K, committed 6592K, reserved 1048576K
}
Event: 101.056 GC heap after
{Heap after GC invocations=72 (full 3):
 PSYoungGen      total 5632K, used 464K [0x00000000eab00000, 0x00000000eb200000, 0x0000000100000000)
  eden space 5120K, 0% used [0x00000000eab00000,0x00000000eab00000,0x00000000eb000000)
  from space 512K, 90% used [0x00000000eb000000,0x00000000eb074010,0x00000000eb080000)
  to   space 1024K, 0% used [0x00000000eb100000,0x00000000eb100000,0x00000000eb200000)
 ParOldGen       total 79360K, used 79171K [0x00000000c0000000, 0x00000000c4d80000, 0x00000000eab00000)
  object space 79360K, 99% used [0x00000000c0000000,0x00000000c4d50c50,0x00000000c4d80000)
 Metaspace       used 58635K, committed 60032K, reserved 1114112K
  class space    used 6005K, committed 6592K, reserved 1048576K
}
Event: 101.088 GC heap before
{Heap before GC invocations=73 (full 3):
 PSYoungGen      total 5632K, used 5584K [0x00000000eab00000, 0x00000000eb200000, 0x0000000100000000)
  eden space 5120K, 100% used [0x00000000eab00000,0x00000000eb000000,0x00000000eb000000)
  from space 512K, 90% used [0x00000000eb000000,0x00000000eb074010,0x00000000eb080000)
  to   space 1024K, 0% used [0x00000000eb100000,0x00000000eb100000,0x00000000eb200000)
 ParOldGen       total 79360K, used 79171K [0x00000000c0000000, 0x00000000c4d80000, 0x00000000eab00000)
  object space 79360K, 99% used [0x00000000c0000000,0x00000000c4d50c50,0x00000000c4d80000)
 Metaspace       used 58701K, committed 60096K, reserved 1114112K
  class space    used 6005K, committed 6592K, reserved 1048576K
}
Event: 101.090 GC heap after
{Heap after GC invocations=73 (full 3):
 PSYoungGen      total 6144K, used 852K [0x00000000eab00000, 0x00000000eb200000, 0x0000000100000000)
  eden space 5120K, 0% used [0x00000000eab00000,0x00000000eab00000,0x00000000eb000000)
  from space 1024K, 83% used [0x00000000eb100000,0x00000000eb1d51e8,0x00000000eb200000)
  to   space 1024K, 0% used [0x00000000eb000000,0x00000000eb000000,0x00000000eb100000)
 ParOldGen       total 79872K, used 79565K [0x00000000c0000000, 0x00000000c4e00000, 0x00000000eab00000)
  object space 79872K, 99% used [0x00000000c0000000,0x00000000c4db3560,0x00000000c4e00000)
 Metaspace       used 58701K, committed 60096K, reserved 1114112K
  class space    used 6005K, committed 6592K, reserved 1048576K
}
Event: 101.111 GC heap before
{Heap before GC invocations=74 (full 3):
 PSYoungGen      total 6144K, used 5972K [0x00000000eab00000, 0x00000000eb200000, 0x0000000100000000)
  eden space 5120K, 100% used [0x00000000eab00000,0x00000000eb000000,0x00000000eb000000)
  from space 1024K, 83% used [0x00000000eb100000,0x00000000eb1d51e8,0x00000000eb200000)
  to   space 1024K, 0% used [0x00000000eb000000,0x00000000eb000000,0x00000000eb100000)
 ParOldGen       total 79872K, used 79565K [0x00000000c0000000, 0x00000000c4e00000, 0x00000000eab00000)
  object space 79872K, 99% used [0x00000000c0000000,0x00000000c4db3560,0x00000000c4e00000)
 Metaspace       used 58704K, committed 60096K, reserved 1114112K
  class space    used 6005K, committed 6592K, reserved 1048576K
}
Event: 101.113 GC heap after
{Heap after GC invocations=74 (full 3):
 PSYoungGen      total 6144K, used 1008K [0x00000000eab00000, 0x00000000eb300000, 0x0000000100000000)
  eden space 5120K, 0% used [0x00000000eab00000,0x00000000eab00000,0x00000000eb000000)
  from space 1024K, 98% used [0x00000000eb000000,0x00000000eb0fc298,0x00000000eb100000)
  to   space 1536K, 0% used [0x00000000eb180000,0x00000000eb180000,0x00000000eb300000)
 ParOldGen       total 80384K, used 80289K [0x00000000c0000000, 0x00000000c4e80000, 0x00000000eab00000)
  object space 80384K, 99% used [0x00000000c0000000,0x00000000c4e684b8,0x00000000c4e80000)
 Metaspace       used 58704K, committed 60096K, reserved 1114112K
  class space    used 6005K, committed 6592K, reserved 1048576K
}
Event: 101.147 GC heap before
{Heap before GC invocations=75 (full 3):
 PSYoungGen      total 6144K, used 6128K [0x00000000eab00000, 0x00000000eb300000, 0x0000000100000000)
  eden space 5120K, 100% used [0x00000000eab00000,0x00000000eb000000,0x00000000eb000000)
  from space 1024K, 98% used [0x00000000eb000000,0x00000000eb0fc298,0x00000000eb100000)
  to   space 1536K, 0% used [0x00000000eb180000,0x00000000eb180000,0x00000000eb300000)
 ParOldGen       total 80384K, used 80289K [0x00000000c0000000, 0x00000000c4e80000, 0x00000000eab00000)
  object space 80384K, 99% used [0x00000000c0000000,0x00000000c4e684b8,0x00000000c4e80000)
 Metaspace       used 58718K, committed 60096K, reserved 1114112K
  class space    used 6005K, committed 6592K, reserved 1048576K
}
Event: 101.150 GC heap after
{Heap after GC invocations=75 (full 3):
 PSYoungGen      total 6144K, used 6128K [0x00000000eab00000, 0x00000000eb300000, 0x0000000100000000)
  eden space 5120K, 100% used [0x00000000eab00000,0x00000000eb000000,0x00000000eb000000)
  from space 1024K, 98% used [0x00000000eb000000,0x00000000eb0fc298,0x00000000eb100000)
  to   space 1536K, 99% used [0x00000000eb180000,0x00000000eb2fc628,0x00000000eb300000)
 ParOldGen       total 81408K, used 81106K [0x00000000c0000000, 0x00000000c4f80000, 0x00000000eab00000)
  object space 81408K, 99% used [0x00000000c0000000,0x00000000c4f348d8,0x00000000c4f80000)
 Metaspace       used 58718K, committed 60096K, reserved 1114112K
  class space    used 6005K, committed 6592K, reserved 1048576K
}
Event: 101.150 GC heap before
{Heap before GC invocations=76 (full 4):
 PSYoungGen      total 6144K, used 6128K [0x00000000eab00000, 0x00000000eb300000, 0x0000000100000000)
  eden space 5120K, 100% used [0x00000000eab00000,0x00000000eb000000,0x00000000eb000000)
  from space 1024K, 98% used [0x00000000eb000000,0x00000000eb0fc298,0x00000000eb100000)
  to   space 1536K, 99% used [0x00000000eb180000,0x00000000eb2fc628,0x00000000eb300000)
 ParOldGen       total 81408K, used 81106K [0x00000000c0000000, 0x00000000c4f80000, 0x00000000eab00000)
  object space 81408K, 99% used [0x00000000c0000000,0x00000000c4f348d8,0x00000000c4f80000)
 Metaspace       used 58718K, committed 60096K, reserved 1114112K
  class space    used 6005K, committed 6592K, reserved 1048576K
}

